2022-03-22T12:26:26+00:00 CRITICAL Uncaught Error: Call to a member function is_type() on string in C:\xampp\htdocs\bastardsdogwear\wp-content\themes\bastards-theme\functions.php:300
Stack trace:
#0 C:\xampp\htdocs\bastardsdogwear\wp-includes\class-wp-hook.php(307): quantity_inputs_for_loop_ajax_add_to_cart(Object(WC_Product_Variation), '4f42eb7aff2f996...')
#1 C:\xampp\htdocs\bastardsdogwear\wp-includes\class-wp-hook.php(331): WP_Hook->apply_filters('', Array)
#2 C:\xampp\htdocs\bastardsdogwear\wp-includes\plugin.php(474): WP_Hook->do_action(Array)
#3 C:\xampp\htdocs\bastardsdogwear\wp-content\themes\bastards-theme\templates\side-cart-woocommerce\global\body\product.php(57): do_action('xoo_wsc_product...', Object(WC_Product_Variation), '4f42eb7aff2f996...')
#4 C:\xampp\htdocs\bastardsdogwear\wp-content\plugins\side-cart-woocommerce\includes\xoo-framework\class-xoo-helper.php(57): include('C:\\xampp\\htdocs...')
#5 C:\xampp\htdocs\bastardsdogwear\wp-content\plugins\side-cart-woocommerce\templates\xoo-wsc-body.php(112): Xoo_Helper->get_template in C:\xampp\htdocs\bastardsdogwear\wp-content\themes\bastards-theme\functions.php on line 300

2022-03-22T12:26:43+00:00 CRITICAL Uncaught Error: Call to a member function is_type() on string in C:\xampp\htdocs\bastardsdogwear\wp-content\themes\bastards-theme\functions.php:300
Stack trace:
#0 C:\xampp\htdocs\bastardsdogwear\wp-includes\class-wp-hook.php(307): quantity_inputs_for_loop_ajax_add_to_cart(Object(WC_Product_Variation), '4f42eb7aff2f996...')
#1 C:\xampp\htdocs\bastardsdogwear\wp-includes\class-wp-hook.php(331): WP_Hook->apply_filters('', Array)
#2 C:\xampp\htdocs\bastardsdogwear\wp-includes\plugin.php(474): WP_Hook->do_action(Array)
#3 C:\xampp\htdocs\bastardsdogwear\wp-content\themes\bastards-theme\templates\side-cart-woocommerce\global\body\product.php(53): do_action('xoo_wsc_product...', Object(WC_Product_Variation), '4f42eb7aff2f996...')
#4 C:\xampp\htdocs\bastardsdogwear\wp-content\plugins\side-cart-woocommerce\includes\xoo-framework\class-xoo-helper.php(57): include('C:\\xampp\\htdocs...')
#5 C:\xampp\htdocs\bastardsdogwear\wp-content\plugins\side-cart-woocommerce\templates\xoo-wsc-body.php(112): Xoo_Helper->get_template in C:\xampp\htdocs\bastardsdogwear\wp-content\themes\bastards-theme\functions.php on line 300

2022-03-22T12:28:51+00:00 CRITICAL Uncaught Error: Call to a member function get_id() on null in C:\xampp\htdocs\bastardsdogwear\wp-content\themes\bastards-theme\templates\side-cart-woocommerce\global\body\product.php:53
Stack trace:
#0 C:\xampp\htdocs\bastardsdogwear\wp-content\plugins\side-cart-woocommerce\includes\xoo-framework\class-xoo-helper.php(57): include()
#1 C:\xampp\htdocs\bastardsdogwear\wp-content\plugins\side-cart-woocommerce\templates\xoo-wsc-body.php(112): Xoo_Helper->get_template('global/body/pro...', Array)
#2 C:\xampp\htdocs\bastardsdogwear\wp-content\plugins\side-cart-woocommerce\includes\xoo-framework\class-xoo-helper.php(57): include('C:\\xampp\\htdocs...')
#3 C:\xampp\htdocs\bastardsdogwear\wp-content\themes\bastards-theme\templates\side-cart-woocommerce\xoo-wsc-container.php(57): Xoo_Helper->get_template('xoo-wsc-body.ph...')
#4 C:\xampp\htdocs\bastardsdogwear\wp-content\plugins\side-cart-woocommerce\includes\xoo-framework\class-xoo-helper.php(57): include('C:\\xampp\\htdocs...')
#5 C:\xampp\htdocs\bastardsdogwear\wp-c in C:\xampp\htdocs\bastardsdogwear\wp-content\themes\bastards-theme\templates\side-cart-woocommerce\global\body\product.php on line 53

2022-03-22T12:36:04+00:00 CRITICAL Uncaught Error: Call to a member function is_purchasable() on null in C:\xampp\htdocs\bastardsdogwear\wp-content\themes\bastards-theme\templates\side-cart-woocommerce\global\body\product.php:53
Stack trace:
#0 C:\xampp\htdocs\bastardsdogwear\wp-content\plugins\side-cart-woocommerce\includes\xoo-framework\class-xoo-helper.php(57): include()
#1 C:\xampp\htdocs\bastardsdogwear\wp-content\plugins\side-cart-woocommerce\templates\xoo-wsc-body.php(112): Xoo_Helper->get_template('global/body/pro...', Array)
#2 C:\xampp\htdocs\bastardsdogwear\wp-content\plugins\side-cart-woocommerce\includes\xoo-framework\class-xoo-helper.php(57): include('C:\\xampp\\htdocs...')
#3 C:\xampp\htdocs\bastardsdogwear\wp-content\themes\bastards-theme\templates\side-cart-woocommerce\xoo-wsc-container.php(57): Xoo_Helper->get_template('xoo-wsc-body.ph...')
#4 C:\xampp\htdocs\bastardsdogwear\wp-content\plugins\side-cart-woocommerce\includes\xoo-framework\class-xoo-helper.php(57): include('C:\\xampp\\htdocs...')
#5 C:\xampp\htdocs\bastardsdogw in C:\xampp\htdocs\bastardsdogwear\wp-content\themes\bastards-theme\templates\side-cart-woocommerce\global\body\product.php on line 53

2022-03-22T15:20:12+00:00 CRITICAL Uncaught Error: Call to undefined method WC_Product_Simple::get_available_variations() in C:\xampp\htdocs\bastardsdogwear\wp-content\themes\bastards-theme\woocommerce\content-single-product.php:50
Stack trace:
#0 C:\xampp\htdocs\bastardsdogwear\wp-includes\template.php(772): require()
#1 C:\xampp\htdocs\bastardsdogwear\wp-content\plugins\woocommerce\includes\wc-core-functions.php(284): load_template('C:\\xampp\\htdocs...', false)
#2 C:\xampp\htdocs\bastardsdogwear\wp-content\plugins\woocommerce\templates\single-product.php(37): wc_get_template_part('content', 'single-product')
#3 C:\xampp\htdocs\bastardsdogwear\wp-includes\template-loader.php(106): include('C:\\xampp\\htdocs...')
#4 C:\xampp\htdocs\bastardsdogwear\wp-blog-header.php(19): require_once('C:\\xampp\\htdocs...')
#5 C:\xampp\htdocs\bastardsdogwear\index.php(17): require('C:\\xampp\\htdocs...')
#6 {main}
  thrown in C:\xampp\htdocs\bastardsdogwear\wp-content\themes\bastards-theme\woocommerce\content-single-product.php on line 50

2022-03-22T15:20:14+00:00 CRITICAL Uncaught Error: Call to undefined method WC_Product_Simple::get_available_variations() in C:\xampp\htdocs\bastardsdogwear\wp-content\themes\bastards-theme\woocommerce\content-single-product.php:50
Stack trace:
#0 C:\xampp\htdocs\bastardsdogwear\wp-includes\template.php(772): require()
#1 C:\xampp\htdocs\bastardsdogwear\wp-content\plugins\woocommerce\includes\wc-core-functions.php(284): load_template('C:\\xampp\\htdocs...', false)
#2 C:\xampp\htdocs\bastardsdogwear\wp-content\plugins\woocommerce\templates\single-product.php(37): wc_get_template_part('content', 'single-product')
#3 C:\xampp\htdocs\bastardsdogwear\wp-includes\template-loader.php(106): include('C:\\xampp\\htdocs...')
#4 C:\xampp\htdocs\bastardsdogwear\wp-blog-header.php(19): require_once('C:\\xampp\\htdocs...')
#5 C:\xampp\htdocs\bastardsdogwear\index.php(17): require('C:\\xampp\\htdocs...')
#6 {main}
  thrown in C:\xampp\htdocs\bastardsdogwear\wp-content\themes\bastards-theme\woocommerce\content-single-product.php on line 50

2022-03-22T15:25:55+00:00 CRITICAL Uncaught Error: Call to undefined method WC_Product_Simple::get_available_variations() in C:\xampp\htdocs\bastardsdogwear\wp-content\themes\bastards-theme\woocommerce\content-single-product.php:51
Stack trace:
#0 C:\xampp\htdocs\bastardsdogwear\wp-includes\template.php(772): require()
#1 C:\xampp\htdocs\bastardsdogwear\wp-content\plugins\woocommerce\includes\wc-core-functions.php(284): load_template('C:\\xampp\\htdocs...', false)
#2 C:\xampp\htdocs\bastardsdogwear\wp-content\plugins\woocommerce\templates\single-product.php(37): wc_get_template_part('content', 'single-product')
#3 C:\xampp\htdocs\bastardsdogwear\wp-includes\template-loader.php(106): include('C:\\xampp\\htdocs...')
#4 C:\xampp\htdocs\bastardsdogwear\wp-blog-header.php(19): require_once('C:\\xampp\\htdocs...')
#5 C:\xampp\htdocs\bastardsdogwear\index.php(17): require('C:\\xampp\\htdocs...')
#6 {main}
  thrown in C:\xampp\htdocs\bastardsdogwear\wp-content\themes\bastards-theme\woocommerce\content-single-product.php on line 51

2022-03-22T15:26:36+00:00 CRITICAL Uncaught Error: Call to undefined method WC_Product_Simple::get_available_variations() in C:\xampp\htdocs\bastardsdogwear\wp-content\themes\bastards-theme\woocommerce\content-single-product.php:51
Stack trace:
#0 C:\xampp\htdocs\bastardsdogwear\wp-includes\template.php(772): require()
#1 C:\xampp\htdocs\bastardsdogwear\wp-content\plugins\woocommerce\includes\wc-core-functions.php(284): load_template('C:\\xampp\\htdocs...', false)
#2 C:\xampp\htdocs\bastardsdogwear\wp-content\plugins\woocommerce\templates\single-product.php(37): wc_get_template_part('content', 'single-product')
#3 C:\xampp\htdocs\bastardsdogwear\wp-includes\template-loader.php(106): include('C:\\xampp\\htdocs...')
#4 C:\xampp\htdocs\bastardsdogwear\wp-blog-header.php(19): require_once('C:\\xampp\\htdocs...')
#5 C:\xampp\htdocs\bastardsdogwear\index.php(17): require('C:\\xampp\\htdocs...')
#6 {main}
  thrown in C:\xampp\htdocs\bastardsdogwear\wp-content\themes\bastards-theme\woocommerce\content-single-product.php on line 51

2022-03-22T15:28:14+00:00 CRITICAL Uncaught Error: Call to a member function get_available_variations() on bool in C:\xampp\htdocs\bastardsdogwear\wp-content\themes\bastards-theme\woocommerce\content-single-product.php:51
Stack trace:
#0 C:\xampp\htdocs\bastardsdogwear\wp-includes\template.php(772): require()
#1 C:\xampp\htdocs\bastardsdogwear\wp-content\plugins\woocommerce\includes\wc-core-functions.php(284): load_template('C:\\xampp\\htdocs...', false)
#2 C:\xampp\htdocs\bastardsdogwear\wp-content\plugins\woocommerce\templates\single-product.php(37): wc_get_template_part('content', 'single-product')
#3 C:\xampp\htdocs\bastardsdogwear\wp-includes\template-loader.php(106): include('C:\\xampp\\htdocs...')
#4 C:\xampp\htdocs\bastardsdogwear\wp-blog-header.php(19): require_once('C:\\xampp\\htdocs...')
#5 C:\xampp\htdocs\bastardsdogwear\index.php(17): require('C:\\xampp\\htdocs...')
#6 {main}
  thrown in C:\xampp\htdocs\bastardsdogwear\wp-content\themes\bastards-theme\woocommerce\content-single-product.php on line 51

2022-03-22T15:28:42+00:00 CRITICAL Uncaught Error: Call to a member function get_available_variations() on bool in C:\xampp\htdocs\bastardsdogwear\wp-content\themes\bastards-theme\woocommerce\content-single-product.php:51
Stack trace:
#0 C:\xampp\htdocs\bastardsdogwear\wp-includes\template.php(772): require()
#1 C:\xampp\htdocs\bastardsdogwear\wp-content\plugins\woocommerce\includes\wc-core-functions.php(284): load_template('C:\\xampp\\htdocs...', false)
#2 C:\xampp\htdocs\bastardsdogwear\wp-content\plugins\woocommerce\templates\single-product.php(37): wc_get_template_part('content', 'single-product')
#3 C:\xampp\htdocs\bastardsdogwear\wp-includes\template-loader.php(106): include('C:\\xampp\\htdocs...')
#4 C:\xampp\htdocs\bastardsdogwear\wp-blog-header.php(19): require_once('C:\\xampp\\htdocs...')
#5 C:\xampp\htdocs\bastardsdogwear\index.php(17): require('C:\\xampp\\htdocs...')
#6 {main}
  thrown in C:\xampp\htdocs\bastardsdogwear\wp-content\themes\bastards-theme\woocommerce\content-single-product.php on line 51

