2022-03-24T10:45:10+00:00 CRITICAL Uncaught Error: Call to undefined method WC_Product_Simple::get_variation_regular_price() in C:\xampp\htdocs\bastardsdogwear\wp-content\themes\bastards-theme\functions.php:83
Stack trace:
#0 C:\xampp\htdocs\bastardsdogwear\wp-includes\class-wp-hook.php(307): show_title_with_price('')
#1 C:\xampp\htdocs\bastardsdogwear\wp-includes\class-wp-hook.php(331): WP_Hook->apply_filters(NULL, Array)
#2 C:\xampp\htdocs\bastardsdogwear\wp-includes\plugin.php(474): WP_Hook->do_action(Array)
#3 C:\xampp\htdocs\bastardsdogwear\wp-content\plugins\woocommerce\templates\content-product.php(65): do_action('woocommerce_aft...')
#4 C:\xampp\htdocs\bastardsdogwear\wp-includes\template.php(772): require('C:\\xampp\\htdocs...')
#5 C:\xampp\htdocs\bastardsdogwear\wp-content\plugins\woocommerce\includes\wc-core-functions.php(284): load_template('C:\\xampp\\htdocs...', false)
#6 C:\xampp\htdocs\bastardsdogwear\wp-content\themes\bastards-theme\woocommerce\archive-product.php(98): wc_get_template_part('content', 'product')
#7 C:\xampp\htd in C:\xampp\htdocs\bastardsdogwear\wp-content\themes\bastards-theme\functions.php on line 83

2022-03-24T10:45:40+00:00 CRITICAL Uncaught Error: Call to undefined method WC_Product_Simple::get_variation_regular_price() in C:\xampp\htdocs\bastardsdogwear\wp-content\themes\bastards-theme\functions.php:92
Stack trace:
#0 C:\xampp\htdocs\bastardsdogwear\wp-includes\class-wp-hook.php(307): show_title_with_price('')
#1 C:\xampp\htdocs\bastardsdogwear\wp-includes\class-wp-hook.php(331): WP_Hook->apply_filters(NULL, Array)
#2 C:\xampp\htdocs\bastardsdogwear\wp-includes\plugin.php(474): WP_Hook->do_action(Array)
#3 C:\xampp\htdocs\bastardsdogwear\wp-content\plugins\woocommerce\templates\content-product.php(65): do_action('woocommerce_aft...')
#4 C:\xampp\htdocs\bastardsdogwear\wp-includes\template.php(772): require('C:\\xampp\\htdocs...')
#5 C:\xampp\htdocs\bastardsdogwear\wp-content\plugins\woocommerce\includes\wc-core-functions.php(284): load_template('C:\\xampp\\htdocs...', false)
#6 C:\xampp\htdocs\bastardsdogwear\wp-content\themes\bastards-theme\woocommerce\archive-product.php(98): wc_get_template_part('content', 'product')
#7 C:\xampp\htd in C:\xampp\htdocs\bastardsdogwear\wp-content\themes\bastards-theme\functions.php on line 92

2022-03-24T10:51:07+00:00 CRITICAL Uncaught Error: Call to undefined method WC_Product_Variable::get_variation_regular_price_html() in C:\xampp\htdocs\bastardsdogwear\wp-content\themes\bastards-theme\functions.php:87
Stack trace:
#0 C:\xampp\htdocs\bastardsdogwear\wp-includes\class-wp-hook.php(307): show_title_with_price('')
#1 C:\xampp\htdocs\bastardsdogwear\wp-includes\class-wp-hook.php(331): WP_Hook->apply_filters(NULL, Array)
#2 C:\xampp\htdocs\bastardsdogwear\wp-includes\plugin.php(474): WP_Hook->do_action(Array)
#3 C:\xampp\htdocs\bastardsdogwear\wp-content\plugins\woocommerce\templates\content-product.php(65): do_action('woocommerce_aft...')
#4 C:\xampp\htdocs\bastardsdogwear\wp-includes\template.php(772): require('C:\\xampp\\htdocs...')
#5 C:\xampp\htdocs\bastardsdogwear\wp-content\plugins\woocommerce\includes\wc-core-functions.php(284): load_template('C:\\xampp\\htdocs...', false)
#6 C:\xampp\htdocs\bastardsdogwear\wp-content\themes\bastards-theme\woocommerce\archive-product.php(98): wc_get_template_part('content', 'product')
#7 C:\xa in C:\xampp\htdocs\bastardsdogwear\wp-content\themes\bastards-theme\functions.php on line 87

2022-03-24T10:52:04+00:00 CRITICAL Uncaught Error: Call to undefined method WC_Product_Variable::get_sale_price_html() in C:\xampp\htdocs\bastardsdogwear\wp-content\themes\bastards-theme\functions.php:82
Stack trace:
#0 C:\xampp\htdocs\bastardsdogwear\wp-includes\class-wp-hook.php(307): show_title_with_price('')
#1 C:\xampp\htdocs\bastardsdogwear\wp-includes\class-wp-hook.php(331): WP_Hook->apply_filters(NULL, Array)
#2 C:\xampp\htdocs\bastardsdogwear\wp-includes\plugin.php(474): WP_Hook->do_action(Array)
#3 C:\xampp\htdocs\bastardsdogwear\wp-content\plugins\woocommerce\templates\content-product.php(65): do_action('woocommerce_aft...')
#4 C:\xampp\htdocs\bastardsdogwear\wp-includes\template.php(772): require('C:\\xampp\\htdocs...')
#5 C:\xampp\htdocs\bastardsdogwear\wp-content\plugins\woocommerce\includes\wc-core-functions.php(284): load_template('C:\\xampp\\htdocs...', false)
#6 C:\xampp\htdocs\bastardsdogwear\wp-content\themes\bastards-theme\woocommerce\archive-product.php(98): wc_get_template_part('content', 'product')
#7 C:\xampp\htdocs\ba in C:\xampp\htdocs\bastardsdogwear\wp-content\themes\bastards-theme\functions.php on line 82

2022-03-24T10:54:49+00:00 CRITICAL Uncaught Error: Call to undefined method WC_Product_Variable::get_sale_price_html() in C:\xampp\htdocs\bastardsdogwear\wp-content\themes\bastards-theme\functions.php:82
Stack trace:
#0 C:\xampp\htdocs\bastardsdogwear\wp-includes\class-wp-hook.php(307): show_title_with_price('')
#1 C:\xampp\htdocs\bastardsdogwear\wp-includes\class-wp-hook.php(331): WP_Hook->apply_filters(NULL, Array)
#2 C:\xampp\htdocs\bastardsdogwear\wp-includes\plugin.php(474): WP_Hook->do_action(Array)
#3 C:\xampp\htdocs\bastardsdogwear\wp-content\plugins\woocommerce\templates\content-product.php(65): do_action('woocommerce_aft...')
#4 C:\xampp\htdocs\bastardsdogwear\wp-includes\template.php(772): require('C:\\xampp\\htdocs...')
#5 C:\xampp\htdocs\bastardsdogwear\wp-content\plugins\woocommerce\includes\wc-core-functions.php(284): load_template('C:\\xampp\\htdocs...', false)
#6 C:\xampp\htdocs\bastardsdogwear\wp-content\themes\bastards-theme\woocommerce\archive-product.php(98): wc_get_template_part('content', 'product')
#7 C:\xampp\htdocs\ba in C:\xampp\htdocs\bastardsdogwear\wp-content\themes\bastards-theme\functions.php on line 82

2022-03-24T11:16:19+00:00 CRITICAL Uncaught ArgumentCountError: Too few arguments to function filter_dropdown_option_html(), 1 passed in C:\xampp\htdocs\bastardsdogwear\wp-includes\class-wp-hook.php on line 309 and exactly 2 expected in C:\xampp\htdocs\bastardsdogwear\wp-content\themes\bastards-theme\functions.php:311
Stack trace:
#0 C:\xampp\htdocs\bastardsdogwear\wp-includes\class-wp-hook.php(309): filter_dropdown_option_html('<select id="pa_...')
#1 C:\xampp\htdocs\bastardsdogwear\wp-includes\plugin.php(189): WP_Hook->apply_filters('<select id="pa_...', Array)
#2 C:\xampp\htdocs\bastardsdogwear\wp-content\plugins\woocommerce\includes\wc-template-functions.php(3122): apply_filters('woocommerce_dro...', '<select id="pa_...', Array)
#3 C:\xampp\htdocs\bastardsdogwear\wp-content\themes\bastards-theme\woocommerce\single-product\add-to-cart\variable.php(45): wc_dropdown_variation_attribute_options(Array)
#4 C:\xampp\htdocs\bastardsdogwear\wp-content\plugins\woocommerce\includes\wc-core-functions.php(345): include('C:\\xampp\\htdocs...')
#5 C:\xam in C:\xampp\htdocs\bastardsdogwear\wp-content\themes\bastards-theme\functions.php on line 311

2022-03-24T11:18:33+00:00 CRITICAL Uncaught Error: Call to undefined function get_price_of_current_variant() in C:\xampp\htdocs\bastardsdogwear\wp-content\themes\bastards-theme\functions.php:342
Stack trace:
#0 C:\xampp\htdocs\bastardsdogwear\wp-includes\class-wp-hook.php(307): wt_modifiy_variation_options('<select id="pa_...', Array)
#1 C:\xampp\htdocs\bastardsdogwear\wp-includes\plugin.php(189): WP_Hook->apply_filters('<select id="pa_...', Array)
#2 C:\xampp\htdocs\bastardsdogwear\wp-content\plugins\woocommerce\includes\wc-template-functions.php(3122): apply_filters('woocommerce_dro...', '<select id="pa_...', Array)
#3 C:\xampp\htdocs\bastardsdogwear\wp-content\themes\bastards-theme\woocommerce\single-product\add-to-cart\variable.php(45): wc_dropdown_variation_attribute_options(Array)
#4 C:\xampp\htdocs\bastardsdogwear\wp-content\plugins\woocommerce\includes\wc-core-functions.php(345): include('C:\\xampp\\htdocs...')
#5 C:\xampp\htdocs\bastardsdogwear\wp-content\plugins\woocommerce\includes\wc-template-functions.php(1729): wc_get_template('s in C:\xampp\htdocs\bastardsdogwear\wp-content\themes\bastards-theme\functions.php on line 342

