2022-03-31T08:26:33+00:00 CRITICAL Uncaught Error: Call to undefined function get_meta() in C:\xampp\htdocs\bastardsdogwear\wp-content\themes\bastards-theme\woocommerce\content-single-product.php:113
Stack trace:
#0 C:\xampp\htdocs\bastardsdogwear\wp-includes\template.php(772): require()
#1 C:\xampp\htdocs\bastardsdogwear\wp-content\plugins\woocommerce\includes\wc-core-functions.php(284): load_template('C:\\xampp\\htdocs...', false)
#2 C:\xampp\htdocs\bastardsdogwear\wp-content\plugins\woocommerce\templates\single-product.php(37): wc_get_template_part('content', 'single-product')
#3 C:\xampp\htdocs\bastardsdogwear\wp-includes\template-loader.php(106): include('C:\\xampp\\htdocs...')
#4 C:\xampp\htdocs\bastardsdogwear\wp-blog-header.php(19): require_once('C:\\xampp\\htdocs...')
#5 C:\xampp\htdocs\bastardsdogwear\index.php(17): require('C:\\xampp\\htdocs...')
#6 {main}
  thrown in C:\xampp\htdocs\bastardsdogwear\wp-content\themes\bastards-theme\woocommerce\content-single-product.php on line 113

2022-03-31T08:57:31+00:00 CRITICAL Uncaught ArgumentCountError: Too few arguments to function custom_field_update_order_item_meta(), 2 passed in C:\xampp\htdocs\bastardsdogwear\wp-includes\class-wp-hook.php on line 307 and exactly 4 expected in C:\xampp\htdocs\bastardsdogwear\wp-content\themes\bastards-theme\functions.php:484
Stack trace:
#0 C:\xampp\htdocs\bastardsdogwear\wp-includes\class-wp-hook.php(307): custom_field_update_order_item_meta(239, 0)
#1 C:\xampp\htdocs\bastardsdogwear\wp-includes\class-wp-hook.php(331): WP_Hook->apply_filters(NULL, Array)
#2 C:\xampp\htdocs\bastardsdogwear\wp-includes\plugin.php(474): WP_Hook->do_action(Array)
#3 C:\xampp\htdocs\bastardsdogwear\wp-content\plugins\woocommerce\includes\admin\meta-boxes\class-wc-meta-box-product-data.php(563): do_action('woocommerce_sav...', 239, 0)
#4 C:\xampp\htdocs\bastardsdogwear\wp-content\plugins\woocommerce\includes\class-wc-ajax.php(2213): WC_Meta_Box_Product_Data::save_variations(210, Object(WP_Post))
#5 C:\xampp\htdocs\bastardsdogwear\wp-includes\class-wp-hook.php(307) in C:\xampp\htdocs\bastardsdogwear\wp-content\themes\bastards-theme\functions.php on line 484

2022-03-31T08:58:50+00:00 CRITICAL Uncaught ArgumentCountError: Too few arguments to function custom_field_update_order_item_meta(), 2 passed in C:\xampp\htdocs\bastardsdogwear\wp-includes\class-wp-hook.php on line 307 and exactly 3 expected in C:\xampp\htdocs\bastardsdogwear\wp-content\themes\bastards-theme\functions.php:484
Stack trace:
#0 C:\xampp\htdocs\bastardsdogwear\wp-includes\class-wp-hook.php(307): custom_field_update_order_item_meta(239, 0)
#1 C:\xampp\htdocs\bastardsdogwear\wp-includes\class-wp-hook.php(331): WP_Hook->apply_filters(NULL, Array)
#2 C:\xampp\htdocs\bastardsdogwear\wp-includes\plugin.php(474): WP_Hook->do_action(Array)
#3 C:\xampp\htdocs\bastardsdogwear\wp-content\plugins\woocommerce\includes\admin\meta-boxes\class-wc-meta-box-product-data.php(563): do_action('woocommerce_sav...', 239, 0)
#4 C:\xampp\htdocs\bastardsdogwear\wp-content\plugins\woocommerce\includes\class-wc-ajax.php(2213): WC_Meta_Box_Product_Data::save_variations(210, Object(WP_Post))
#5 C:\xampp\htdocs\bastardsdogwear\wp-includes\class-wp-hook.php(307) in C:\xampp\htdocs\bastardsdogwear\wp-content\themes\bastards-theme\functions.php on line 484

2022-03-31T09:01:55+00:00 CRITICAL Uncaught Error: Using $this when not in object context in C:\xampp\htdocs\bastardsdogwear\wp-content\themes\bastards-theme\functions.php:372
Stack trace:
#0 C:\xampp\htdocs\bastardsdogwear\wp-includes\class-wp-hook.php(307): add_variation_options_other_dimensions(0, Array, Object(WP_Post))
#1 C:\xampp\htdocs\bastardsdogwear\wp-includes\class-wp-hook.php(331): WP_Hook->apply_filters(NULL, Array)
#2 C:\xampp\htdocs\bastardsdogwear\wp-includes\plugin.php(474): WP_Hook->do_action(Array)
#3 C:\xampp\htdocs\bastardsdogwear\wp-content\plugins\woocommerce\includes\admin\meta-boxes\views\html-variation-admin.php(487): do_action('woocommerce_pro...', 0, Array, Object(WP_Post))
#4 C:\xampp\htdocs\bastardsdogwear\wp-content\plugins\woocommerce\includes\class-wc-ajax.php(2191): include('C:\\xampp\\htdocs...')
#5 C:\xampp\htdocs\bastardsdogwear\wp-includes\class-wp-hook.php(307): WC_AJAX::load_variations('')
#6 C:\xampp\htdocs\bastardsdogwear\wp-includes\class-wp-hook.php(331): WP_Hook->apply_filters('', Array)
#7 C:\xampp in C:\xampp\htdocs\bastardsdogwear\wp-content\themes\bastards-theme\functions.php on line 372

2022-03-31T09:02:32+00:00 CRITICAL Uncaught Error: Using $this when not in object context in C:\xampp\htdocs\bastardsdogwear\wp-content\themes\bastards-theme\functions.php:372
Stack trace:
#0 C:\xampp\htdocs\bastardsdogwear\wp-includes\class-wp-hook.php(307): add_variation_options_other_dimensions(0, Array, Object(WP_Post))
#1 C:\xampp\htdocs\bastardsdogwear\wp-includes\class-wp-hook.php(331): WP_Hook->apply_filters(NULL, Array)
#2 C:\xampp\htdocs\bastardsdogwear\wp-includes\plugin.php(474): WP_Hook->do_action(Array)
#3 C:\xampp\htdocs\bastardsdogwear\wp-content\plugins\woocommerce\includes\admin\meta-boxes\views\html-variation-admin.php(487): do_action('woocommerce_pro...', 0, Array, Object(WP_Post))
#4 C:\xampp\htdocs\bastardsdogwear\wp-content\plugins\woocommerce\includes\class-wc-ajax.php(2191): include('C:\\xampp\\htdocs...')
#5 C:\xampp\htdocs\bastardsdogwear\wp-includes\class-wp-hook.php(307): WC_AJAX::load_variations('')
#6 C:\xampp\htdocs\bastardsdogwear\wp-includes\class-wp-hook.php(331): WP_Hook->apply_filters('', Array)
#7 C:\xampp in C:\xampp\htdocs\bastardsdogwear\wp-content\themes\bastards-theme\functions.php on line 372

2022-03-31T09:02:55+00:00 CRITICAL Uncaught Error: Using $this when not in object context in C:\xampp\htdocs\bastardsdogwear\wp-content\themes\bastards-theme\functions.php:372
Stack trace:
#0 C:\xampp\htdocs\bastardsdogwear\wp-includes\class-wp-hook.php(307): add_variation_options_other_dimensions(0, Array, Object(WP_Post))
#1 C:\xampp\htdocs\bastardsdogwear\wp-includes\class-wp-hook.php(331): WP_Hook->apply_filters(NULL, Array)
#2 C:\xampp\htdocs\bastardsdogwear\wp-includes\plugin.php(474): WP_Hook->do_action(Array)
#3 C:\xampp\htdocs\bastardsdogwear\wp-content\plugins\woocommerce\includes\admin\meta-boxes\views\html-variation-admin.php(487): do_action('woocommerce_pro...', 0, Array, Object(WP_Post))
#4 C:\xampp\htdocs\bastardsdogwear\wp-content\plugins\woocommerce\includes\class-wc-ajax.php(2191): include('C:\\xampp\\htdocs...')
#5 C:\xampp\htdocs\bastardsdogwear\wp-includes\class-wp-hook.php(307): WC_AJAX::load_variations('')
#6 C:\xampp\htdocs\bastardsdogwear\wp-includes\class-wp-hook.php(331): WP_Hook->apply_filters('', Array)
#7 C:\xampp in C:\xampp\htdocs\bastardsdogwear\wp-content\themes\bastards-theme\functions.php on line 372

2022-03-31T09:14:55+00:00 CRITICAL Uncaught Error: Call to a member function prop() on null in C:\xampp\htdocs\bastardsdogwear\wp-content\themes\bastards-theme\functions.php:367
Stack trace:
#0 C:\xampp\htdocs\bastardsdogwear\wp-includes\class-wp-hook.php(307): add_variation_options_other_dimensions(0, Array, Object(WP_Post))
#1 C:\xampp\htdocs\bastardsdogwear\wp-includes\class-wp-hook.php(331): WP_Hook->apply_filters(NULL, Array)
#2 C:\xampp\htdocs\bastardsdogwear\wp-includes\plugin.php(474): WP_Hook->do_action(Array)
#3 C:\xampp\htdocs\bastardsdogwear\wp-content\plugins\woocommerce\includes\admin\meta-boxes\views\html-variation-admin.php(487): do_action('woocommerce_pro...', 0, Array, Object(WP_Post))
#4 C:\xampp\htdocs\bastardsdogwear\wp-content\plugins\woocommerce\includes\class-wc-ajax.php(2191): include('C:\\xampp\\htdocs...')
#5 C:\xampp\htdocs\bastardsdogwear\wp-includes\class-wp-hook.php(307): WC_AJAX::load_variations('')
#6 C:\xampp\htdocs\bastardsdogwear\wp-includes\class-wp-hook.php(331): WP_Hook->apply_filters('', Array)
#7 C:\xam in C:\xampp\htdocs\bastardsdogwear\wp-content\themes\bastards-theme\functions.php on line 367

2022-03-31T09:34:20+00:00 CRITICAL syntax error, unexpected '}', expecting end of file in C:\xampp\htdocs\bastardsdogwear\wp-content\themes\bastards-theme\functions.php on line 373

2022-03-31T09:35:07+00:00 CRITICAL syntax error, unexpected '}', expecting end of file in C:\xampp\htdocs\bastardsdogwear\wp-content\themes\bastards-theme\functions.php on line 373

2022-03-31T10:10:57+00:00 CRITICAL syntax error, unexpected '').richText();' (T_CONSTANT_ENCAPSED_STRING), expecting ';' or ',' in C:\xampp\htdocs\bastardsdogwear\wp-content\themes\bastards-theme\functions.php on line 463

2022-03-31T16:06:41+00:00 CRITICAL Uncaught ArgumentCountError: Too few arguments to function {closure}(), 2 passed in C:\xampp\htdocs\bastardsdogwear\wp-includes\class-wp-hook.php on line 307 and exactly 4 expected in C:\xampp\htdocs\bastardsdogwear\wp-content\themes\bastards-theme\functions.php:357
Stack trace:
#0 C:\xampp\htdocs\bastardsdogwear\wp-includes\class-wp-hook.php(307): {closure}(Array, 'SI')
#1 C:\xampp\htdocs\bastardsdogwear\wp-includes\plugin.php(189): WP_Hook->apply_filters(Array, Array)
#2 C:\xampp\htdocs\bastardsdogwear\wp-content\plugins\woocommerce\includes\class-wc-countries.php(1607): apply_filters('woocommerce_bil...', Array, 'SI')
#3 C:\xampp\htdocs\bastardsdogwear\wp-content\plugins\woocommerce\includes\class-wc-checkout.php(228): WC_Countries->get_address_fields('SI', 'billing_')
#4 C:\xampp\htdocs\bastardsdogwear\wp-content\themes\bastards-theme\woocommerce\checkout\form-checkout.php(34): WC_Checkout->get_checkout_fields()
#5 C:\xampp\htdocs\bastardsdogwear\wp-content\plugins\woocommerce\includes\wc-core-functions.p in C:\xampp\htdocs\bastardsdogwear\wp-content\themes\bastards-theme\functions.php on line 357

2022-03-31T16:14:29+00:00 CRITICAL Uncaught ArgumentCountError: Too few arguments to function reigel_custom_heading(), 1 passed in C:\xampp\htdocs\bastardsdogwear\wp-includes\class-wp-hook.php on line 309 and exactly 2 expected in C:\xampp\htdocs\bastardsdogwear\wp-content\themes\bastards-theme\functions.php:373
Stack trace:
#0 C:\xampp\htdocs\bastardsdogwear\wp-includes\class-wp-hook.php(309): reigel_custom_heading('<p class="form-...')
#1 C:\xampp\htdocs\bastardsdogwear\wp-includes\plugin.php(189): WP_Hook->apply_filters('<p class="form-...', Array)
#2 C:\xampp\htdocs\bastardsdogwear\wp-content\plugins\woocommerce\includes\wc-template-functions.php(2945): apply_filters('woocommerce_for...', '<p class="form-...', 'billing_email', Array, 'mpaunic1@gmail....')
#3 C:\xampp\htdocs\bastardsdogwear\wp-content\themes\bastards-theme\woocommerce\checkout\form-billing.php(39): woocommerce_form_field('billing_email', Array, 'mpaunic1@gmail....')
#4 C:\xampp\htdocs\bastardsdogwear\wp-content\plugins\woocommerce\includes\wc-core-functions.php(345): includ in C:\xampp\htdocs\bastardsdogwear\wp-content\themes\bastards-theme\functions.php on line 373

2022-03-31T16:16:12+00:00 CRITICAL syntax error, unexpected '}', expecting end of file in C:\xampp\htdocs\bastardsdogwear\wp-content\themes\bastards-theme\functions.php on line 378

