2022-04-08T10:00:26+00:00 CRITICAL Uncaught Error: Call to undefined method WC_Product_Simple::get_available_variations() in C:\xampp\htdocs\bastardsdogwear\wp-content\themes\bastards-theme\woocommerce\content-single-product.php:49
Stack trace:
#0 C:\xampp\htdocs\bastardsdogwear\wp-includes\template.php(772): require()
#1 C:\xampp\htdocs\bastardsdogwear\wp-content\plugins\woocommerce\includes\wc-core-functions.php(284): load_template('C:\\xampp\\htdocs...', false)
#2 C:\xampp\htdocs\bastardsdogwear\wp-content\plugins\woocommerce\templates\single-product.php(37): wc_get_template_part('content', 'single-product')
#3 C:\xampp\htdocs\bastardsdogwear\wp-includes\template-loader.php(106): include('C:\\xampp\\htdocs...')
#4 C:\xampp\htdocs\bastardsdogwear\wp-blog-header.php(19): require_once('C:\\xampp\\htdocs...')
#5 C:\xampp\htdocs\bastardsdogwear\index.php(17): require('C:\\xampp\\htdocs...')
#6 {main}
  thrown in C:\xampp\htdocs\bastardsdogwear\wp-content\themes\bastards-theme\woocommerce\content-single-product.php on line 49

2022-04-08T10:00:30+00:00 CRITICAL Uncaught Error: Call to undefined method WC_Product_Simple::get_available_variations() in C:\xampp\htdocs\bastardsdogwear\wp-content\themes\bastards-theme\woocommerce\content-single-product.php:49
Stack trace:
#0 C:\xampp\htdocs\bastardsdogwear\wp-includes\template.php(772): require()
#1 C:\xampp\htdocs\bastardsdogwear\wp-content\plugins\woocommerce\includes\wc-core-functions.php(284): load_template('C:\\xampp\\htdocs...', false)
#2 C:\xampp\htdocs\bastardsdogwear\wp-content\plugins\woocommerce\templates\single-product.php(37): wc_get_template_part('content', 'single-product')
#3 C:\xampp\htdocs\bastardsdogwear\wp-includes\template-loader.php(106): include('C:\\xampp\\htdocs...')
#4 C:\xampp\htdocs\bastardsdogwear\wp-blog-header.php(19): require_once('C:\\xampp\\htdocs...')
#5 C:\xampp\htdocs\bastardsdogwear\index.php(17): require('C:\\xampp\\htdocs...')
#6 {main}
  thrown in C:\xampp\htdocs\bastardsdogwear\wp-content\themes\bastards-theme\woocommerce\content-single-product.php on line 49

2022-04-08T10:01:47+00:00 CRITICAL Uncaught Error: Call to undefined method WC_Product_Simple::get_available_variations() in C:\xampp\htdocs\bastardsdogwear\wp-content\themes\bastards-theme\woocommerce\content-single-product.php:49
Stack trace:
#0 C:\xampp\htdocs\bastardsdogwear\wp-includes\template.php(772): require()
#1 C:\xampp\htdocs\bastardsdogwear\wp-content\plugins\woocommerce\includes\wc-core-functions.php(284): load_template('C:\\xampp\\htdocs...', false)
#2 C:\xampp\htdocs\bastardsdogwear\wp-content\plugins\woocommerce\templates\single-product.php(37): wc_get_template_part('content', 'single-product')
#3 C:\xampp\htdocs\bastardsdogwear\wp-includes\template-loader.php(106): include('C:\\xampp\\htdocs...')
#4 C:\xampp\htdocs\bastardsdogwear\wp-blog-header.php(19): require_once('C:\\xampp\\htdocs...')
#5 C:\xampp\htdocs\bastardsdogwear\index.php(17): require('C:\\xampp\\htdocs...')
#6 {main}
  thrown in C:\xampp\htdocs\bastardsdogwear\wp-content\themes\bastards-theme\woocommerce\content-single-product.php on line 49

2022-04-08T11:54:07+00:00 CRITICAL Uncaught Error: Call to undefined method WC_Product_Simple::get_available_variations() in C:\xampp\htdocs\bastardsdogwear\wp-content\themes\bastards-theme\woocommerce\content-single-product.php:49
Stack trace:
#0 C:\xampp\htdocs\bastardsdogwear\wp-includes\template.php(772): require()
#1 C:\xampp\htdocs\bastardsdogwear\wp-content\plugins\woocommerce\includes\wc-core-functions.php(284): load_template('C:\\xampp\\htdocs...', false)
#2 C:\xampp\htdocs\bastardsdogwear\wp-content\plugins\woocommerce\templates\single-product.php(37): wc_get_template_part('content', 'single-product')
#3 C:\xampp\htdocs\bastardsdogwear\wp-includes\template-loader.php(106): include('C:\\xampp\\htdocs...')
#4 C:\xampp\htdocs\bastardsdogwear\wp-blog-header.php(19): require_once('C:\\xampp\\htdocs...')
#5 C:\xampp\htdocs\bastardsdogwear\index.php(17): require('C:\\xampp\\htdocs...')
#6 {main}
  thrown in C:\xampp\htdocs\bastardsdogwear\wp-content\themes\bastards-theme\woocommerce\content-single-product.php on line 49

2022-04-08T12:24:42+00:00 CRITICAL Uncaught Error: Call to undefined method WC_Product_Simple::get_available_variations() in C:\xampp\htdocs\bastardsdogwear\wp-content\themes\bastards-theme\woocommerce\content-single-product.php:48
Stack trace:
#0 C:\xampp\htdocs\bastardsdogwear\wp-includes\template.php(772): require()
#1 C:\xampp\htdocs\bastardsdogwear\wp-content\plugins\woocommerce\includes\wc-core-functions.php(284): load_template('C:\\xampp\\htdocs...', false)
#2 C:\xampp\htdocs\bastardsdogwear\wp-content\plugins\woocommerce\templates\single-product.php(37): wc_get_template_part('content', 'single-product')
#3 C:\xampp\htdocs\bastardsdogwear\wp-includes\template-loader.php(106): include('C:\\xampp\\htdocs...')
#4 C:\xampp\htdocs\bastardsdogwear\wp-blog-header.php(19): require_once('C:\\xampp\\htdocs...')
#5 C:\xampp\htdocs\bastardsdogwear\index.php(17): require('C:\\xampp\\htdocs...')
#6 {main}
  thrown in C:\xampp\htdocs\bastardsdogwear\wp-content\themes\bastards-theme\woocommerce\content-single-product.php on line 48

2022-04-08T12:24:45+00:00 CRITICAL Uncaught Error: Call to undefined method WC_Product_Simple::get_available_variations() in C:\xampp\htdocs\bastardsdogwear\wp-content\themes\bastards-theme\woocommerce\content-single-product.php:48
Stack trace:
#0 C:\xampp\htdocs\bastardsdogwear\wp-includes\template.php(772): require()
#1 C:\xampp\htdocs\bastardsdogwear\wp-content\plugins\woocommerce\includes\wc-core-functions.php(284): load_template('C:\\xampp\\htdocs...', false)
#2 C:\xampp\htdocs\bastardsdogwear\wp-content\plugins\woocommerce\templates\single-product.php(37): wc_get_template_part('content', 'single-product')
#3 C:\xampp\htdocs\bastardsdogwear\wp-includes\template-loader.php(106): include('C:\\xampp\\htdocs...')
#4 C:\xampp\htdocs\bastardsdogwear\wp-blog-header.php(19): require_once('C:\\xampp\\htdocs...')
#5 C:\xampp\htdocs\bastardsdogwear\index.php(17): require('C:\\xampp\\htdocs...')
#6 {main}
  thrown in C:\xampp\htdocs\bastardsdogwear\wp-content\themes\bastards-theme\woocommerce\content-single-product.php on line 48

2022-04-08T14:06:56+00:00 CRITICAL Uncaught Error: Call to a member function get_permalink() on bool in C:\xampp\htdocs\bastardsdogwear\wp-content\themes\bastards-theme\functions.php:612
Stack trace:
#0 C:\xampp\htdocs\bastardsdogwear\wp-includes\class-wp-hook.php(309): my_out_of_stock_button('<a href="http:/...')
#1 C:\xampp\htdocs\bastardsdogwear\wp-includes\plugin.php(189): WP_Hook->apply_filters('<a href="http:/...', Array)
#2 C:\xampp\htdocs\bastardsdogwear\wp-content\plugins\woocommerce\templates\loop\add-to-cart.php(35): apply_filters('woocommerce_loo...', '<a href="http:/...', Object(WC_Product_Simple), Array)
#3 C:\xampp\htdocs\bastardsdogwear\wp-content\plugins\woocommerce\includes\wc-core-functions.php(345): include('C:\\xampp\\htdocs...')
#4 C:\xampp\htdocs\bastardsdogwear\wp-content\plugins\woocommerce\includes\wc-template-functions.php(1356): wc_get_template('loop/add-to-car...', Array)
#5 C:\xampp\htdocs\bastardsdogwear\wp-includes\class-wp-hook.php(307): woocommerce_template_loop_add_to_cart(Array)
#6 C:\xampp\htdocs\bastardsdo in C:\xampp\htdocs\bastardsdogwear\wp-content\themes\bastards-theme\functions.php on line 612

