2022-03-15T07:53:46+00:00 CRITICAL Uncaught Error: Call to undefined function is_type() in C:\xampp\htdocs\bastardsdogwear\wp-content\themes\bastards-theme\functions.php:88
Stack trace:
#0 C:\xampp\htdocs\bastardsdogwear\wp-includes\class-wp-hook.php(307): add_content_after_addtocart('')
#1 C:\xampp\htdocs\bastardsdogwear\wp-includes\class-wp-hook.php(331): WP_Hook->apply_filters(NULL, Array)
#2 C:\xampp\htdocs\bastardsdogwear\wp-includes\plugin.php(474): WP_Hook->do_action(Array)
#3 C:\xampp\htdocs\bastardsdogwear\wp-content\plugins\woocommerce\templates\content-product.php(65): do_action('woocommerce_aft...')
#4 C:\xampp\htdocs\bastardsdogwear\wp-includes\template.php(772): require('C:\\xampp\\htdocs...')
#5 C:\xampp\htdocs\bastardsdogwear\wp-content\plugins\woocommerce\includes\wc-core-functions.php(284): load_template('C:\\xampp\\htdocs...', false)
#6 C:\xampp\htdocs\bastardsdogwear\wp-content\themes\bastards-theme\woocommerce\archive-product.php(98): wc_get_template_part('content', 'product')
#7 C:\xampp\htdocs\bastardsdogwear\wp-includes in C:\xampp\htdocs\bastardsdogwear\wp-content\themes\bastards-theme\functions.php on line 88

2022-03-15T07:55:14+00:00 CRITICAL Uncaught Error: Call to undefined method WC_Cart::wc_get_checkout_url() in C:\xampp\htdocs\bastardsdogwear\wp-content\themes\bastards-theme\functions.php:89
Stack trace:
#0 C:\xampp\htdocs\bastardsdogwear\wp-includes\class-wp-hook.php(307): add_content_after_addtocart('')
#1 C:\xampp\htdocs\bastardsdogwear\wp-includes\class-wp-hook.php(331): WP_Hook->apply_filters('', Array)
#2 C:\xampp\htdocs\bastardsdogwear\wp-includes\plugin.php(474): WP_Hook->do_action(Array)
#3 C:\xampp\htdocs\bastardsdogwear\wp-content\plugins\woocommerce\templates\single-product\add-to-cart\simple.php(51): do_action('woocommerce_aft...')
#4 C:\xampp\htdocs\bastardsdogwear\wp-content\plugins\woocommerce\includes\wc-core-functions.php(345): include('C:\\xampp\\htdocs...')
#5 C:\xampp\htdocs\bastardsdogwear\wp-content\plugins\woocommerce\includes\wc-template-functions.php(1684): wc_get_template('single-product/...')
#6 C:\xampp\htdocs\bastardsdogwear\wp-includes\class-wp-hook.php(307): woocommerce_simple_add_to_cart('')
#7 C:\xampp\htdocs in C:\xampp\htdocs\bastardsdogwear\wp-content\themes\bastards-theme\functions.php on line 89

2022-03-15T07:57:51+00:00 CRITICAL Uncaught Error: Call to undefined method WooCommerce::wc_get_checkout_url() in C:\xampp\htdocs\bastardsdogwear\wp-content\themes\bastards-theme\functions.php:89
Stack trace:
#0 C:\xampp\htdocs\bastardsdogwear\wp-includes\class-wp-hook.php(307): add_content_after_addtocart('')
#1 C:\xampp\htdocs\bastardsdogwear\wp-includes\class-wp-hook.php(331): WP_Hook->apply_filters('', Array)
#2 C:\xampp\htdocs\bastardsdogwear\wp-includes\plugin.php(474): WP_Hook->do_action(Array)
#3 C:\xampp\htdocs\bastardsdogwear\wp-content\plugins\woocommerce\templates\single-product\add-to-cart\simple.php(51): do_action('woocommerce_aft...')
#4 C:\xampp\htdocs\bastardsdogwear\wp-content\plugins\woocommerce\includes\wc-core-functions.php(345): include('C:\\xampp\\htdocs...')
#5 C:\xampp\htdocs\bastardsdogwear\wp-content\plugins\woocommerce\includes\wc-template-functions.php(1684): wc_get_template('single-product/...')
#6 C:\xampp\htdocs\bastardsdogwear\wp-includes\class-wp-hook.php(307): woocommerce_simple_add_to_cart('')
#7 C:\xampp\ht in C:\xampp\htdocs\bastardsdogwear\wp-content\themes\bastards-theme\functions.php on line 89

2022-03-15T14:49:41+00:00 CRITICAL Uncaught Error: Call to a member function get_type() on string in C:\xampp\htdocs\bastardsdogwear\wp-content\themes\bastards-theme\functions.php:145
Stack trace:
#0 C:\xampp\htdocs\bastardsdogwear\wp-includes\class-wp-hook.php(307): lw_hide_variation_price('<span class="wo...', Object(WC_Product_Variable))
#1 C:\xampp\htdocs\bastardsdogwear\wp-includes\plugin.php(189): WP_Hook->apply_filters('<span class="wo...', Array)
#2 C:\xampp\htdocs\bastardsdogwear\wp-content\plugins\woocommerce\includes\class-wc-product-variable.php(170): apply_filters('woocommerce_get...', '<span class="wo...', Object(WC_Product_Variable))
#3 C:\xampp\htdocs\bastardsdogwear\wp-content\plugins\woocommerce\templates\single-product\price.php(25): WC_Product_Variable->get_price_html()
#4 C:\xampp\htdocs\bastardsdogwear\wp-content\plugins\woocommerce\includes\wc-core-functions.php(345): include('C:\\xampp\\htdocs...')
#5 C:\xampp\htdocs\bastardsdogwear\wp-content\plugins\woocommerce\includes\wc-template-functions.php(1628): wc_get_template in C:\xampp\htdocs\bastardsdogwear\wp-content\themes\bastards-theme\functions.php on line 145

2022-03-15T14:49:58+00:00 CRITICAL Uncaught Error: Call to a member function get_type() on string in C:\xampp\htdocs\bastardsdogwear\wp-content\themes\bastards-theme\functions.php:146
Stack trace:
#0 C:\xampp\htdocs\bastardsdogwear\wp-includes\class-wp-hook.php(307): lw_hide_variation_price('<span class="wo...', Object(WC_Product_Variable))
#1 C:\xampp\htdocs\bastardsdogwear\wp-includes\plugin.php(189): WP_Hook->apply_filters('<span class="wo...', Array)
#2 C:\xampp\htdocs\bastardsdogwear\wp-content\plugins\woocommerce\includes\class-wc-product-variable.php(170): apply_filters('woocommerce_get...', '<span class="wo...', Object(WC_Product_Variable))
#3 C:\xampp\htdocs\bastardsdogwear\wp-content\plugins\woocommerce\templates\single-product\price.php(25): WC_Product_Variable->get_price_html()
#4 C:\xampp\htdocs\bastardsdogwear\wp-content\plugins\woocommerce\includes\wc-core-functions.php(345): include('C:\\xampp\\htdocs...')
#5 C:\xampp\htdocs\bastardsdogwear\wp-content\plugins\woocommerce\includes\wc-template-functions.php(1628): wc_get_template in C:\xampp\htdocs\bastardsdogwear\wp-content\themes\bastards-theme\functions.php on line 146

2022-03-15T14:51:08+00:00 CRITICAL Uncaught Error: Call to a member function get_type() on string in C:\xampp\htdocs\bastardsdogwear\wp-content\themes\bastards-theme\functions.php:146
Stack trace:
#0 C:\xampp\htdocs\bastardsdogwear\wp-includes\class-wp-hook.php(307): lw_hide_variation_price('<span class="wo...', Object(WC_Product_Variable))
#1 C:\xampp\htdocs\bastardsdogwear\wp-includes\plugin.php(189): WP_Hook->apply_filters('<span class="wo...', Array)
#2 C:\xampp\htdocs\bastardsdogwear\wp-content\plugins\woocommerce\includes\class-wc-product-variable.php(170): apply_filters('woocommerce_get...', '<span class="wo...', Object(WC_Product_Variable))
#3 C:\xampp\htdocs\bastardsdogwear\wp-content\plugins\woocommerce\templates\single-product\price.php(25): WC_Product_Variable->get_price_html()
#4 C:\xampp\htdocs\bastardsdogwear\wp-content\plugins\woocommerce\includes\wc-core-functions.php(345): include('C:\\xampp\\htdocs...')
#5 C:\xampp\htdocs\bastardsdogwear\wp-content\plugins\woocommerce\includes\wc-template-functions.php(1628): wc_get_template in C:\xampp\htdocs\bastardsdogwear\wp-content\themes\bastards-theme\functions.php on line 146

